running egg_info
creating ../../build/delivery_robot/delivery_robot.egg-info
writing ../../build/delivery_robot/delivery_robot.egg-info/PKG-INFO
writing dependency_links to ../../build/delivery_robot/delivery_robot.egg-info/dependency_links.txt
writing entry points to ../../build/delivery_robot/delivery_robot.egg-info/entry_points.txt
writing requirements to ../../build/delivery_robot/delivery_robot.egg-info/requires.txt
writing top-level names to ../../build/delivery_robot/delivery_robot.egg-info/top_level.txt
writing manifest file '../../build/delivery_robot/delivery_robot.egg-info/SOURCES.txt'
reading manifest file '../../build/delivery_robot/delivery_robot.egg-info/SOURCES.txt'
writing manifest file '../../build/delivery_robot/delivery_robot.egg-info/SOURCES.txt'
running build
running build_py
creating /home/raccoon/autonomous-delivery-robot/delivery_ws/build/delivery_robot/build
creating /home/raccoon/autonomous-delivery-robot/delivery_ws/build/delivery_robot/build/lib
creating /home/raccoon/autonomous-delivery-robot/delivery_ws/build/delivery_robot/build/lib/delivery_robot
copying delivery_robot/web_server.py -> /home/raccoon/autonomous-delivery-robot/delivery_ws/build/delivery_robot/build/lib/delivery_robot
copying delivery_robot/__init__.py -> /home/raccoon/autonomous-delivery-robot/delivery_ws/build/delivery_robot/build/lib/delivery_robot
running install
running install_lib
creating /home/raccoon/autonomous-delivery-robot/delivery_ws/install/delivery_robot/lib/python3.10/site-packages/delivery_robot
copying /home/raccoon/autonomous-delivery-robot/delivery_ws/build/delivery_robot/build/lib/delivery_robot/web_server.py -> /home/raccoon/autonomous-delivery-robot/delivery_ws/install/delivery_robot/lib/python3.10/site-packages/delivery_robot
copying /home/raccoon/autonomous-delivery-robot/delivery_ws/build/delivery_robot/build/lib/delivery_robot/__init__.py -> /home/raccoon/autonomous-delivery-robot/delivery_ws/install/delivery_robot/lib/python3.10/site-packages/delivery_robot
byte-compiling /home/raccoon/autonomous-delivery-robot/delivery_ws/install/delivery_robot/lib/python3.10/site-packages/delivery_robot/web_server.py to web_server.cpython-310.pyc
byte-compiling /home/raccoon/autonomous-delivery-robot/delivery_ws/install/delivery_robot/lib/python3.10/site-packages/delivery_robot/__init__.py to __init__.cpython-310.pyc
running install_data
creating /home/raccoon/autonomous-delivery-robot/delivery_ws/install/delivery_robot/share/ament_index
creating /home/raccoon/autonomous-delivery-robot/delivery_ws/install/delivery_robot/share/ament_index/resource_index
creating /home/raccoon/autonomous-delivery-robot/delivery_ws/install/delivery_robot/share/ament_index/resource_index/packages
copying resource/delivery_robot -> /home/raccoon/autonomous-delivery-robot/delivery_ws/install/delivery_robot/share/ament_index/resource_index/packages
copying package.xml -> /home/raccoon/autonomous-delivery-robot/delivery_ws/install/delivery_robot/share/delivery_robot
running install_egg_info
Copying ../../build/delivery_robot/delivery_robot.egg-info to /home/raccoon/autonomous-delivery-robot/delivery_ws/install/delivery_robot/lib/python3.10/site-packages/delivery_robot-0.0.0-py3.10.egg-info
running install_scripts
writing list of installed files to '/home/raccoon/autonomous-delivery-robot/delivery_ws/build/delivery_robot/install.log'
