[0.487s] Invoking command in '/home/raccoon/autonomous-delivery-robot/delivery_ws/src/delivery_robot': PYTHONPATH=/home/raccoon/autonomous-delivery-robot/delivery_ws/build/delivery_robot/prefix_override:/usr/lib/python3/dist-packages/colcon_core/task/python/colcon_distutils_commands:/home/raccoon/autonomous-delivery-robot/delivery_ws/install/delivery_robot/lib/python3.10/site-packages:${PYTHONPATH} /usr/bin/python3 -W ignore:setup.py install is deprecated -W ignore:easy_install command is deprecated setup.py egg_info --egg-base ../../build/delivery_robot build --build-base /home/raccoon/autonomous-delivery-robot/delivery_ws/build/delivery_robot/build install --record /home/raccoon/autonomous-delivery-robot/delivery_ws/build/delivery_robot/install.log --single-version-externally-managed install_data
[0.639s] running egg_info
[0.639s] creating ../../build/delivery_robot/delivery_robot.egg-info
[0.645s] writing ../../build/delivery_robot/delivery_robot.egg-info/PKG-INFO
[0.645s] writing dependency_links to ../../build/delivery_robot/delivery_robot.egg-info/dependency_links.txt
[0.645s] writing entry points to ../../build/delivery_robot/delivery_robot.egg-info/entry_points.txt
[0.645s] writing requirements to ../../build/delivery_robot/delivery_robot.egg-info/requires.txt
[0.645s] writing top-level names to ../../build/delivery_robot/delivery_robot.egg-info/top_level.txt
[0.645s] writing manifest file '../../build/delivery_robot/delivery_robot.egg-info/SOURCES.txt'
[0.646s] reading manifest file '../../build/delivery_robot/delivery_robot.egg-info/SOURCES.txt'
[0.647s] writing manifest file '../../build/delivery_robot/delivery_robot.egg-info/SOURCES.txt'
[0.647s] running build
[0.647s] running build_py
[0.647s] creating /home/raccoon/autonomous-delivery-robot/delivery_ws/build/delivery_robot/build
[0.647s] creating /home/raccoon/autonomous-delivery-robot/delivery_ws/build/delivery_robot/build/lib
[0.647s] creating /home/raccoon/autonomous-delivery-robot/delivery_ws/build/delivery_robot/build/lib/delivery_robot
[0.647s] copying delivery_robot/web_server.py -> /home/raccoon/autonomous-delivery-robot/delivery_ws/build/delivery_robot/build/lib/delivery_robot
[0.647s] copying delivery_robot/__init__.py -> /home/raccoon/autonomous-delivery-robot/delivery_ws/build/delivery_robot/build/lib/delivery_robot
[0.647s] running install
[0.647s] running install_lib
[0.648s] creating /home/raccoon/autonomous-delivery-robot/delivery_ws/install/delivery_robot/lib/python3.10/site-packages/delivery_robot
[0.648s] copying /home/raccoon/autonomous-delivery-robot/delivery_ws/build/delivery_robot/build/lib/delivery_robot/web_server.py -> /home/raccoon/autonomous-delivery-robot/delivery_ws/install/delivery_robot/lib/python3.10/site-packages/delivery_robot
[0.648s] copying /home/raccoon/autonomous-delivery-robot/delivery_ws/build/delivery_robot/build/lib/delivery_robot/__init__.py -> /home/raccoon/autonomous-delivery-robot/delivery_ws/install/delivery_robot/lib/python3.10/site-packages/delivery_robot
[0.648s] byte-compiling /home/raccoon/autonomous-delivery-robot/delivery_ws/install/delivery_robot/lib/python3.10/site-packages/delivery_robot/web_server.py to web_server.cpython-310.pyc
[0.648s] byte-compiling /home/raccoon/autonomous-delivery-robot/delivery_ws/install/delivery_robot/lib/python3.10/site-packages/delivery_robot/__init__.py to __init__.cpython-310.pyc
[0.648s] running install_data
[0.649s] creating /home/raccoon/autonomous-delivery-robot/delivery_ws/install/delivery_robot/share/ament_index
[0.649s] creating /home/raccoon/autonomous-delivery-robot/delivery_ws/install/delivery_robot/share/ament_index/resource_index
[0.649s] creating /home/raccoon/autonomous-delivery-robot/delivery_ws/install/delivery_robot/share/ament_index/resource_index/packages
[0.649s] copying resource/delivery_robot -> /home/raccoon/autonomous-delivery-robot/delivery_ws/install/delivery_robot/share/ament_index/resource_index/packages
[0.649s] copying package.xml -> /home/raccoon/autonomous-delivery-robot/delivery_ws/install/delivery_robot/share/delivery_robot
[0.649s] running install_egg_info
[0.650s] Copying ../../build/delivery_robot/delivery_robot.egg-info to /home/raccoon/autonomous-delivery-robot/delivery_ws/install/delivery_robot/lib/python3.10/site-packages/delivery_robot-0.0.0-py3.10.egg-info
[0.650s] running install_scripts
[0.663s] writing list of installed files to '/home/raccoon/autonomous-delivery-robot/delivery_ws/build/delivery_robot/install.log'
[0.677s] Invoked command in '/home/raccoon/autonomous-delivery-robot/delivery_ws/src/delivery_robot' returned '0': PYTHONPATH=/home/raccoon/autonomous-delivery-robot/delivery_ws/build/delivery_robot/prefix_override:/usr/lib/python3/dist-packages/colcon_core/task/python/colcon_distutils_commands:/home/raccoon/autonomous-delivery-robot/delivery_ws/install/delivery_robot/lib/python3.10/site-packages:${PYTHONPATH} /usr/bin/python3 -W ignore:setup.py install is deprecated -W ignore:easy_install command is deprecated setup.py egg_info --egg-base ../../build/delivery_robot build --build-base /home/raccoon/autonomous-delivery-robot/delivery_ws/build/delivery_robot/build install --record /home/raccoon/autonomous-delivery-robot/delivery_ws/build/delivery_robot/install.log --single-version-externally-managed install_data
